<?xml version="1.0" encoding="UTF-8"?>
<testng-results skipped="0" failed="0" total="1" passed="1">
  <reporter-output>
  </reporter-output>
  <suite name="Command line suite" duration-ms="14" started-at="2013-12-23T15:52:40Z" finished-at="2013-12-23T15:52:40Z">
    <groups>
    </groups>
    <test name="Command line test" duration-ms="14" started-at="2013-12-23T15:52:40Z" finished-at="2013-12-23T15:52:40Z">
      <class name="com.relevance.lab.My_Frst_Maven.AppTest">
        <test-method status="PASS" signature="testApp()" name="testApp on instance testApp(com.relevance.lab.My_Frst_Maven.AppTest)" duration-ms="4" started-at="2013-12-23T15:52:40Z" finished-at="2013-12-23T15:52:40Z">
        </test-method>
      </class>
    </test>
  </suite>
</testng-results>
