<?xml version="1.0" encoding="UTF-8"?>
<!-- Generated by org.testng.reporters.JUnitXMLReporter -->
<testsuite hostname="SRINIVAS-PC" name="Default test" tests="10" failures="0" timestamp="12 Dec 2013 11:20:08 GMT" time="3.055" errors="0">
  <testcase name="Testlogin" time="2.049" classname="com.rl.test.selenium.JCatalogTest"/>
  <testcase name="TestproductList" time="0.05" classname="com.rl.test.selenium.JCatalogTest"/>
  <testcase name="TestcategoryOne" time="0.1" classname="com.rl.test.selenium.JCatalogTest"/>
  <testcase name="Testcategorytwo" time="0.176" classname="com.rl.test.selenium.JCatalogTest"/>
  <testcase name="Testcategorythree" time="0.063" classname="com.rl.test.selenium.JCatalogTest"/>
  <testcase name="Testcategoryfour" time="0.13" classname="com.rl.test.selenium.JCatalogTest"/>
  <testcase name="Testcontactus" time="0.14" classname="com.rl.test.selenium.JCatalogTest"/>
  <testcase name="Testplaceorder" time="0.14" classname="com.rl.test.selenium.JCatalogTest"/>
  <testcase name="TestloginFailed" time="0.142" classname="com.rl.test.selenium.JCatalogTest"/>
  <testcase name="Testlogout" time="0.048" classname="com.rl.test.selenium.JCatalogTest"/>
</testsuite> <!-- Default test -->
