<?xml version="1.0" encoding="UTF-8"?>
<testng-results skipped="0" failed="0" total="10" passed="10">
  <reporter-output>
  </reporter-output>
  <suite name="Command line suite" duration-ms="2726" started-at="2013-12-23T15:52:37Z" finished-at="2013-12-23T15:52:40Z">
    <groups>
    </groups>
    <test name="Command line test" duration-ms="2726" started-at="2013-12-23T15:52:37Z" finished-at="2013-12-23T15:52:40Z">
      <class name="com.relevance.lab.My_Frst_Maven.JCatalogTest">
        <test-method status="PASS" signature="Testlogin()" name="Testlogin" duration-ms="1743" started-at="2013-12-23T15:52:37Z" finished-at="2013-12-23T15:52:39Z">
        </test-method>
        <test-method status="PASS" signature="TestproductList()" name="TestproductList" duration-ms="76" started-at="2013-12-23T15:52:39Z" finished-at="2013-12-23T15:52:39Z">
        </test-method>
        <test-method status="PASS" signature="TestcategoryOne()" name="TestcategoryOne" duration-ms="114" started-at="2013-12-23T15:52:39Z" finished-at="2013-12-23T15:52:39Z">
        </test-method>
        <test-method status="PASS" signature="Testcategorytwo()" name="Testcategorytwo" duration-ms="248" started-at="2013-12-23T15:52:39Z" finished-at="2013-12-23T15:52:39Z">
        </test-method>
        <test-method status="PASS" signature="Testcategorythree()" name="Testcategorythree" duration-ms="95" started-at="2013-12-23T15:52:39Z" finished-at="2013-12-23T15:52:40Z">
        </test-method>
        <test-method status="PASS" signature="Testcategoryfour()" name="Testcategoryfour" duration-ms="40" started-at="2013-12-23T15:52:40Z" finished-at="2013-12-23T15:52:40Z">
        </test-method>
        <test-method status="PASS" signature="Testcontactus()" name="Testcontactus" duration-ms="111" started-at="2013-12-23T15:52:40Z" finished-at="2013-12-23T15:52:40Z">
        </test-method>
        <test-method status="PASS" signature="Testplaceorder()" name="Testplaceorder" duration-ms="118" started-at="2013-12-23T15:52:40Z" finished-at="2013-12-23T15:52:40Z">
        </test-method>
        <test-method status="PASS" signature="TestloginFailed()" name="TestloginFailed" duration-ms="131" started-at="2013-12-23T15:52:40Z" finished-at="2013-12-23T15:52:40Z">
        </test-method>
        <test-method status="PASS" signature="Testlogout()" name="Testlogout" duration-ms="34" started-at="2013-12-23T15:52:40Z" finished-at="2013-12-23T15:52:40Z">
        </test-method>
      </class>
    </test>
  </suite>
</testng-results>
