<?xml version="1.0" encoding="UTF-8"?>
<testng-results skipped="0" failed="0" total="10" passed="10">
  <reporter-output>
  </reporter-output>
  <suite name="JCatalog Test suite" duration-ms="3014" started-at="2013-12-12T11:20:35Z" finished-at="2013-12-12T11:20:38Z">
    <groups>
    </groups>
    <test name="JCatalog test" duration-ms="3014" started-at="2013-12-12T11:20:35Z" finished-at="2013-12-12T11:20:38Z">
      <class name="com.rl.test.selenium.JCatalogTest">
        <test-method status="PASS" signature="Testlogin()[pri:0, instance:com.rl.test.selenium.JCatalogTest@4fcc8cf1]" name="Testlogin" duration-ms="2138" started-at="2013-12-12T16:50:35Z" finished-at="2013-12-12T16:50:37Z">
          <reporter-output>
          </reporter-output>
        </test-method> <!-- Testlogin -->
        <test-method status="PASS" signature="TestproductList()[pri:0, instance:com.rl.test.selenium.JCatalogTest@4fcc8cf1]" name="TestproductList" duration-ms="35" started-at="2013-12-12T16:50:37Z" finished-at="2013-12-12T16:50:37Z">
          <reporter-output>
          </reporter-output>
        </test-method> <!-- TestproductList -->
        <test-method status="PASS" signature="TestcategoryOne()[pri:0, instance:com.rl.test.selenium.JCatalogTest@4fcc8cf1]" name="TestcategoryOne" duration-ms="104" started-at="2013-12-12T16:50:37Z" finished-at="2013-12-12T16:50:37Z">
          <reporter-output>
          </reporter-output>
        </test-method> <!-- TestcategoryOne -->
        <test-method status="PASS" signature="Testcategorytwo()[pri:0, instance:com.rl.test.selenium.JCatalogTest@4fcc8cf1]" name="Testcategorytwo" duration-ms="186" started-at="2013-12-12T16:50:37Z" finished-at="2013-12-12T16:50:37Z">
          <reporter-output>
          </reporter-output>
        </test-method> <!-- Testcategorytwo -->
        <test-method status="PASS" signature="Testcategorythree()[pri:0, instance:com.rl.test.selenium.JCatalogTest@4fcc8cf1]" name="Testcategorythree" duration-ms="63" started-at="2013-12-12T16:50:37Z" finished-at="2013-12-12T16:50:37Z">
          <reporter-output>
          </reporter-output>
        </test-method> <!-- Testcategorythree -->
        <test-method status="PASS" signature="Testcategoryfour()[pri:0, instance:com.rl.test.selenium.JCatalogTest@4fcc8cf1]" name="Testcategoryfour" duration-ms="99" started-at="2013-12-12T16:50:37Z" finished-at="2013-12-12T16:50:37Z">
          <reporter-output>
          </reporter-output>
        </test-method> <!-- Testcategoryfour -->
        <test-method status="PASS" signature="Testcontactus()[pri:0, instance:com.rl.test.selenium.JCatalogTest@4fcc8cf1]" name="Testcontactus" duration-ms="105" started-at="2013-12-12T16:50:37Z" finished-at="2013-12-12T16:50:38Z">
          <reporter-output>
          </reporter-output>
        </test-method> <!-- Testcontactus -->
        <test-method status="PASS" signature="Testplaceorder()[pri:0, instance:com.rl.test.selenium.JCatalogTest@4fcc8cf1]" name="Testplaceorder" duration-ms="105" started-at="2013-12-12T16:50:38Z" finished-at="2013-12-12T16:50:38Z">
          <reporter-output>
          </reporter-output>
        </test-method> <!-- Testplaceorder -->
        <test-method status="PASS" signature="TestloginFailed()[pri:0, instance:com.rl.test.selenium.JCatalogTest@4fcc8cf1]" name="TestloginFailed" duration-ms="126" started-at="2013-12-12T16:50:38Z" finished-at="2013-12-12T16:50:38Z">
          <reporter-output>
          </reporter-output>
        </test-method> <!-- TestloginFailed -->
        <test-method status="PASS" signature="Testlogout()[pri:0, instance:com.rl.test.selenium.JCatalogTest@4fcc8cf1]" name="Testlogout" duration-ms="34" started-at="2013-12-12T16:50:38Z" finished-at="2013-12-12T16:50:38Z">
          <reporter-output>
          </reporter-output>
        </test-method> <!-- Testlogout -->
      </class> <!-- com.rl.test.selenium.JCatalogTest -->
    </test> <!-- JCatalog test -->
  </suite> <!-- JCatalog Test suite -->
</testng-results>
